#
# There is insufficient memory for the Java Runtime Environment to continue.
# Native memory allocation (malloc) failed to allocate 32744 bytes for ChunkPool::allocate
# Possible reasons:
#   The system is out of physical RAM or swap space
#   The process is running with CompressedOops enabled, and the Java Heap may be blocking the growth of the native heap
# Possible solutions:
#   Reduce memory load on the system
#   Increase physical memory or swap space
#   Check if swap backing store is full
#   Decrease Java heap size (-Xmx/-Xms)
#   Decrease number of Java threads
#   Decrease Java thread stack sizes (-Xss)
#   Set larger code cache with -XX:ReservedCodeCacheSize=
#   JVM is running with Unscaled Compressed Oops mode in which the Java heap is
#     placed in the first 4GB address space. The Java Heap base address is the
#     maximum limit for the native heap growth. Please use -XX:HeapBaseMinAddress
#     to set the Java Heap base and to place the Java Heap above 4GB virtual address.
# This output file may be truncated or incomplete.
#
#  Out of Memory Error (allocation.cpp:272), pid=23072, tid=0x0000000000004b08
#
# JRE version: OpenJDK Runtime Environment (8.0_212-b04) (build 1.8.0_212-release-1586-b04)
# Java VM: OpenJDK 64-Bit Server VM (25.212-b04 mixed mode windows-amd64 compressed oops)
# Failed to write core dump. Minidumps are not enabled by default on client versions of Windows
#

---------------  T H R E A D  ---------------

Current thread (0x0000000018d74000):  JavaThread "C2 CompilerThread2" daemon [_thread_in_native, id=19208, stack(0x00000000197f0000,0x00000000198f0000)]

Stack: [0x00000000197f0000,0x00000000198f0000]
[error occurred during error reporting (printing stack bounds), id 0xc0000005]

Native frames: (J=compiled Java code, j=interpreted, Vv=VM code, C=native code)


Current CompileTask:
C2:  26294 12462 % !   4       com.android.tools.r8.dex.m::b @ 460 (2743 bytes)


---------------  P R O C E S S  ---------------

Java Threads: ( => current thread )
  0x000000001e79a000 JavaThread "WorkerExecutor Queue Thread 3" [_thread_blocked, id=11308, stack(0x000000002ad30000,0x000000002ae30000)]
  0x000000001e7a0800 JavaThread "WorkerExecutor Queue Thread 2" [_thread_blocked, id=23788, stack(0x000000002aec0000,0x000000002afc0000)]
  0x000000001e79a800 JavaThread "Cache worker for execution history cache (C:\Users\TIC\AndroidStudioProjects\TechicChina\.gradle\5.6.4\executionHistory)" [_thread_blocked, id=15860, stack(0x00000000266d0000,0x00000000267d0000)]
  0x000000001e79d800 JavaThread "Execution worker for ':' Thread 7" [_thread_in_vm, id=22056, stack(0x0000000026c90000,0x0000000026d90000)]
  0x00000000222d3000 JavaThread "Execution worker for ':' Thread 6" [_thread_blocked, id=29596, stack(0x0000000026b90000,0x0000000026c90000)]
  0x00000000222d3800 JavaThread "Execution worker for ':' Thread 5" [_thread_blocked, id=17796, stack(0x0000000026a90000,0x0000000026b90000)]
  0x00000000222d1800 JavaThread "Execution worker for ':' Thread 4" [_thread_blocked, id=17712, stack(0x0000000026990000,0x0000000026a90000)]
  0x00000000222d0800 JavaThread "Execution worker for ':' Thread 3" [_thread_blocked, id=23508, stack(0x0000000026890000,0x0000000026990000)]
  0x00000000222d0000 JavaThread "Execution worker for ':' Thread 2" [_thread_blocked, id=26804, stack(0x0000000026190000,0x0000000026290000)]
  0x00000000222d4800 JavaThread "Execution worker for ':'" [_thread_blocked, id=29556, stack(0x0000000025f80000,0x0000000026080000)]
  0x00000000222cf000 JavaThread "Cache worker for file content cache (C:\Users\TIC\AndroidStudioProjects\TechicChina\.gradle\5.6.4\fileContent)" [_thread_blocked, id=15064, stack(0x0000000026090000,0x0000000026190000)]
  0x00000000222d2000 JavaThread "Cache worker for file content cache (C:\Users\TIC\.gradle\caches\5.6.4\fileContent)" [_thread_blocked, id=19684, stack(0x0000000025a80000,0x0000000025b80000)]
  0x00000000222c7800 JavaThread "Memory manager" [_thread_blocked, id=8016, stack(0x0000000025370000,0x0000000025470000)]
  0x00000000222cd000 JavaThread "Cache worker for Build Output Cleanup Cache (C:\Users\TIC\AndroidStudioProjects\TechicChina\.gradle\buildOutputCleanup)" [_thread_blocked, id=16260, stack(0x0000000025070000,0x0000000025170000)]
  0x00000000222cd800 JavaThread "Build operations Thread 8" [_thread_blocked, id=28556, stack(0x0000000024970000,0x0000000024a70000)]
  0x00000000222c5800 JavaThread "Build operations Thread 7" [_thread_blocked, id=27044, stack(0x0000000024870000,0x0000000024970000)]
  0x00000000222c6000 JavaThread "Build operations Thread 6" [_thread_blocked, id=5732, stack(0x0000000024770000,0x0000000024870000)]
  0x00000000222cc000 JavaThread "Build operations Thread 5" [_thread_blocked, id=7392, stack(0x0000000024670000,0x0000000024770000)]
  0x00000000222cb800 JavaThread "Build operations Thread 4" [_thread_blocked, id=28840, stack(0x0000000024570000,0x0000000024670000)]
  0x00000000222ca000 JavaThread "Build operations Thread 3" [_thread_blocked, id=26180, stack(0x0000000024470000,0x0000000024570000)]
  0x00000000222c8800 JavaThread "Build operations Thread 2" [_thread_blocked, id=25804, stack(0x0000000024370000,0x0000000024470000)]
  0x00000000222ca800 JavaThread "Build operations" [_thread_blocked, id=18204, stack(0x0000000024270000,0x0000000024370000)]
  0x00000000222c9000 JavaThread "Cache worker for execution history cache (C:\Users\TIC\.gradle\caches\5.6.4\executionHistory)" [_thread_blocked, id=6600, stack(0x0000000021900000,0x0000000021a00000)]
  0x000000001ab74800 JavaThread "Cache worker for cache directory md-rule (C:\Users\TIC\.gradle\caches\5.6.4\md-rule)" [_thread_blocked, id=15884, stack(0x0000000020550000,0x0000000020650000)]
  0x000000001ab74000 JavaThread "Cache worker for cache directory md-supplier (C:\Users\TIC\.gradle\caches\5.6.4\md-supplier)" [_thread_blocked, id=25288, stack(0x00000000200b0000,0x00000000201b0000)]
  0x000000001ab77000 JavaThread "Cache worker for file hash cache (C:\Users\TIC\AndroidStudioProjects\TechicChina\.gradle\5.6.4\fileHashes)" [_thread_blocked, id=20540, stack(0x0000000020250000,0x0000000020350000)]
  0x000000001ab78800 JavaThread "Cache worker for journal cache (C:\Users\TIC\.gradle\caches\journal-1)" [_thread_blocked, id=27312, stack(0x000000001dc10000,0x000000001dd10000)]
  0x000000001ab76000 JavaThread "File lock request listener" [_thread_in_native, id=21956, stack(0x000000001db10000,0x000000001dc10000)]
  0x000000001ab75800 JavaThread "Cache worker for file hash cache (C:\Users\TIC\.gradle\caches\5.6.4\fileHashes)" [_thread_blocked, id=4764, stack(0x000000001da10000,0x000000001db10000)]
  0x000000001b8c4800 JavaThread "Thread-9" [_thread_blocked, id=26016, stack(0x000000001d710000,0x000000001d810000)]
  0x000000001b8a9000 JavaThread "Stdin handler" [_thread_blocked, id=8684, stack(0x000000001d610000,0x000000001d710000)]
  0x000000001b9f0800 JavaThread "Asynchronous log dispatcher for DefaultDaemonConnection: socket connection from /127.0.0.1:50307 to /127.0.0.1:50308" [_thread_blocked, id=11204, stack(0x000000001d510000,0x000000001d610000)]
  0x000000001b9ef000 JavaThread "Daemon worker" [_thread_blocked, id=9496, stack(0x000000001d310000,0x000000001d410000)]
  0x000000001b9ee800 JavaThread "Cancel handler" [_thread_blocked, id=24980, stack(0x000000001d110000,0x000000001d210000)]
  0x000000001b88a800 JavaThread "Handler for socket connection from /127.0.0.1:50307 to /127.0.0.1:50308" [_thread_in_native, id=4784, stack(0x000000001ce10000,0x000000001cf10000)]
  0x000000001b88a000 JavaThread "Daemon" [_thread_blocked, id=21492, stack(0x000000001cd10000,0x000000001ce10000)]
  0x000000001b85e800 JavaThread "Daemon periodic checks" [_thread_blocked, id=18436, stack(0x000000001cc10000,0x000000001cd10000)]
  0x000000001b80c000 JavaThread "Incoming local TCP Connector on port 50307" [_thread_in_native, id=22344, stack(0x000000001c9d0000,0x000000001cad0000)]
  0x0000000019cc4800 JavaThread "Daemon health stats" [_thread_blocked, id=24800, stack(0x000000001c390000,0x000000001c490000)]
  0x0000000018de9800 JavaThread "Service Thread" daemon [_thread_blocked, id=17484, stack(0x00000000199f0000,0x0000000019af0000)]
  0x0000000018daf000 JavaThread "C1 CompilerThread3" daemon [_thread_blocked, id=22736, stack(0x00000000198f0000,0x00000000199f0000)]
=>0x0000000018d74000 JavaThread "C2 CompilerThread2" daemon [_thread_in_native, id=19208, stack(0x00000000197f0000,0x00000000198f0000)]
  0x0000000018d2e000 JavaThread "C2 CompilerThread1" daemon [_thread_in_native, id=24124, stack(0x00000000196f0000,0x00000000197f0000)]
  0x0000000018d27000 JavaThread "C2 CompilerThread0" daemon [_thread_in_native, id=25844, stack(0x00000000195f0000,0x00000000196f0000)]
  0x0000000018d25800 JavaThread "Attach Listener" daemon [_thread_blocked, id=16392, stack(0x00000000194f0000,0x00000000195f0000)]
  0x0000000018d71800 JavaThread "Signal Dispatcher" daemon [_thread_blocked, id=26012, stack(0x00000000193f0000,0x00000000194f0000)]
  0x000000000314e000 JavaThread "Finalizer" daemon [_thread_blocked, id=24052, stack(0x00000000191f0000,0x00000000192f0000)]
  0x0000000016f0c800 JavaThread "Reference Handler" daemon [_thread_blocked, id=23976, stack(0x00000000190f0000,0x00000000191f0000)]
  0x0000000002f0e800 JavaThread "main" [_thread_blocked, id=13244, stack(0x0000000002f50000,0x0000000003050000)]

Other Threads:
  0x0000000016f08000 VMThread [stack: 0x0000000018bf0000,0x0000000018cf0000] [id=27392]
  0x0000000018dea800 WatcherThread [stack: 0x0000000019af0000,0x0000000019bf0000] [id=22916]

VM state:not at safepoint (normal execution)

VM Mutex/Monitor currently owned by a thread:  ([mutex/lock_event])
[0x0000000003051f50] MethodData_lock - owner thread: 0x0000000018daf000

heap address: 0x00000000a0000000, size: 1536 MB, Compressed Oops mode: 32-bit
Narrow klass base: 0x0000000000000000, Narrow klass shift: 3
Compressed class space size: 1073741824 Address: 0x0000000100000000

Heap:
 PSYoungGen      total 341504K, used 289650K [0x00000000e0000000, 0x00000000f9880000, 0x0000000100000000)
  eden space 317952K, 85% used [0x00000000e0000000,0x00000000f0a7ded0,0x00000000f3680000)
  from space 23552K, 71% used [0x00000000f3680000,0x00000000f46de948,0x00000000f4d80000)
  to   space 24576K, 0% used [0x00000000f8080000,0x00000000f8080000,0x00000000f9880000)
 ParOldGen       total 130560K, used 55720K [0x00000000a0000000, 0x00000000a7f80000, 0x00000000e0000000)
  object space 130560K, 42% used [0x00000000a0000000,0x00000000a366a208,0x00000000a7f80000)
 Metaspace       used 71800K, capacity 76008K, committed 76248K, reserved 1114112K
  class space    used 9866K, capacity 10663K, committed 10712K, reserved 1048576K

Card table byte_map: [0x0000000012510000,0x0000000012820000] byte_map_base: 0x0000000012010000

Marking Bits: (ParMarkBitMap*) 0x0000000066e99f30
 Begin Bits: [0x0000000013220000, 0x0000000014a20000)
 End Bits:   [0x0000000014a20000, 0x0000000016220000)

Polling page: 0x0000000000d60000

CodeCache: size=245760Kb used=34168Kb max_used=34251Kb free=211591Kb
 bounds [0x0000000003150000, 0x0000000005320000, 0x0000000012150000]
 total_blobs=11433 nmethods=10619 adapters=724
 compilation: enabled

Compilation events (10 events):
Event: 26.219 Thread 0x0000000018daf000 nmethod 12510 0x0000000004c77390 code [0x0000000004c77500, 0x0000000004c77728]
Event: 26.235 Thread 0x0000000018daf000 12511       2       java.io.FileInputStream::read (8 bytes)
Event: 26.235 Thread 0x0000000018daf000 nmethod 12511 0x0000000004c77010 code [0x0000000004c77180, 0x0000000004c772e8]
Event: 26.251 Thread 0x0000000018daf000 12512       2       org.gradle.api.internal.file.collections.ListBackedFileSet::<init> (13 bytes)
Event: 26.251 Thread 0x0000000018daf000 nmethod 12512 0x0000000004c76c50 code [0x0000000004c76dc0, 0x0000000004c76f48]
Event: 26.251 Thread 0x0000000018daf000 12513       2       org.gradle.api.internal.file.collections.FileCollectionAdapter::getFiles (10 bytes)
Event: 26.252 Thread 0x0000000018daf000 nmethod 12513 0x0000000004c76850 code [0x0000000004c769c0, 0x0000000004c76b48]
Event: 26.260 Thread 0x0000000018daf000 12514       2       com.google.common.cache.LocalCache$StrongValueReference::notifyNewValue (1 bytes)
Event: 26.260 Thread 0x0000000018daf000 nmethod 12514 0x000000000429d650 code [0x000000000429d7a0, 0x000000000429d8f0]
Event: 26.291 Thread 0x0000000018daf000 12515       2       org.gradle.api.internal.file.pattern.FixedStepPathMatcher::matches (54 bytes)

GC Heap History (10 events):
Event: 15.470 GC heap before
{Heap before GC invocations=18 (full 3):
 PSYoungGen      total 248320K, used 237101K [0x00000000e0000000, 0x00000000f0b00000, 0x0000000100000000)
  eden space 223744K, 100% used [0x00000000e0000000,0x00000000eda80000,0x00000000eda80000)
  from space 24576K, 54% used [0x00000000ef200000,0x00000000eff0b5d8,0x00000000f0a00000)
  to   space 24064K, 0% used [0x00000000eda80000,0x00000000eda80000,0x00000000ef200000)
 ParOldGen       total 130560K, used 55680K [0x00000000a0000000, 0x00000000a7f80000, 0x00000000e0000000)
  object space 130560K, 42% used [0x00000000a0000000,0x00000000a3660208,0x00000000a7f80000)
 Metaspace       used 69632K, capacity 73732K, committed 73816K, reserved 1112064K
  class space    used 9713K, capacity 10503K, committed 10584K, reserved 1048576K
Event: 15.486 GC heap after
Heap after GC invocations=18 (full 3):
 PSYoungGen      total 247808K, used 13393K [0x00000000e0000000, 0x00000000f3a80000, 0x0000000100000000)
  eden space 223744K, 0% used [0x00000000e0000000,0x00000000e0000000,0x00000000eda80000)
  from space 24064K, 55% used [0x00000000eda80000,0x00000000ee7945e8,0x00000000ef200000)
  to   space 23552K, 0% used [0x00000000f2380000,0x00000000f2380000,0x00000000f3a80000)
 ParOldGen       total 130560K, used 55688K [0x00000000a0000000, 0x00000000a7f80000, 0x00000000e0000000)
  object space 130560K, 42% used [0x00000000a0000000,0x00000000a3662208,0x00000000a7f80000)
 Metaspace       used 69632K, capacity 73732K, committed 73816K, reserved 1112064K
  class space    used 9713K, capacity 10503K, committed 10584K, reserved 1048576K
}
Event: 16.313 GC heap before
{Heap before GC invocations=19 (full 3):
 PSYoungGen      total 247808K, used 237137K [0x00000000e0000000, 0x00000000f3a80000, 0x0000000100000000)
  eden space 223744K, 100% used [0x00000000e0000000,0x00000000eda80000,0x00000000eda80000)
  from space 24064K, 55% used [0x00000000eda80000,0x00000000ee7945e8,0x00000000ef200000)
  to   space 23552K, 0% used [0x00000000f2380000,0x00000000f2380000,0x00000000f3a80000)
 ParOldGen       total 130560K, used 55688K [0x00000000a0000000, 0x00000000a7f80000, 0x00000000e0000000)
  object space 130560K, 42% used [0x00000000a0000000,0x00000000a3662208,0x00000000a7f80000)
 Metaspace       used 70214K, capacity 74338K, committed 74584K, reserved 1114112K
  class space    used 9752K, capacity 10562K, committed 10584K, reserved 1048576K
Event: 16.347 GC heap after
Heap after GC invocations=19 (full 3):
 PSYoungGen      total 298496K, used 14338K [0x00000000e0000000, 0x00000000f3e00000, 0x0000000100000000)
  eden space 274944K, 0% used [0x00000000e0000000,0x00000000e0000000,0x00000000f0c80000)
  from space 23552K, 60% used [0x00000000f2380000,0x00000000f3180ac8,0x00000000f3a80000)
  to   space 23552K, 0% used [0x00000000f0c80000,0x00000000f0c80000,0x00000000f2380000)
 ParOldGen       total 130560K, used 55696K [0x00000000a0000000, 0x00000000a7f80000, 0x00000000e0000000)
  object space 130560K, 42% used [0x00000000a0000000,0x00000000a3664208,0x00000000a7f80000)
 Metaspace       used 70214K, capacity 74338K, committed 74584K, reserved 1114112K
  class space    used 9752K, capacity 10562K, committed 10584K, reserved 1048576K
}
Event: 17.424 GC heap before
{Heap before GC invocations=20 (full 3):
 PSYoungGen      total 298496K, used 289282K [0x00000000e0000000, 0x00000000f3e00000, 0x0000000100000000)
  eden space 274944K, 100% used [0x00000000e0000000,0x00000000f0c80000,0x00000000f0c80000)
  from space 23552K, 60% used [0x00000000f2380000,0x00000000f3180ac8,0x00000000f3a80000)
  to   space 23552K, 0% used [0x00000000f0c80000,0x00000000f0c80000,0x00000000f2380000)
 ParOldGen       total 130560K, used 55696K [0x00000000a0000000, 0x00000000a7f80000, 0x00000000e0000000)
  object space 130560K, 42% used [0x00000000a0000000,0x00000000a3664208,0x00000000a7f80000)
 Metaspace       used 70585K, capacity 74728K, committed 74840K, reserved 1114112K
  class space    used 9767K, capacity 10567K, committed 10584K, reserved 1048576K
Event: 17.447 GC heap after
Heap after GC invocations=20 (full 3):
 PSYoungGen      total 298496K, used 13967K [0x00000000e0000000, 0x00000000f6480000, 0x0000000100000000)
  eden space 274944K, 0% used [0x00000000e0000000,0x00000000e0000000,0x00000000f0c80000)
  from space 23552K, 59% used [0x00000000f0c80000,0x00000000f1a23e90,0x00000000f2380000)
  to   space 23552K, 0% used [0x00000000f4d80000,0x00000000f4d80000,0x00000000f6480000)
 ParOldGen       total 130560K, used 55704K [0x00000000a0000000, 0x00000000a7f80000, 0x00000000e0000000)
  object space 130560K, 42% used [0x00000000a0000000,0x00000000a3666208,0x00000000a7f80000)
 Metaspace       used 70585K, capacity 74728K, committed 74840K, reserved 1114112K
  class space    used 9767K, capacity 10567K, committed 10584K, reserved 1048576K
}
Event: 18.470 GC heap before
{Heap before GC invocations=21 (full 3):
 PSYoungGen      total 298496K, used 288911K [0x00000000e0000000, 0x00000000f6480000, 0x0000000100000000)
  eden space 274944K, 100% used [0x00000000e0000000,0x00000000f0c80000,0x00000000f0c80000)
  from space 23552K, 59% used [0x00000000f0c80000,0x00000000f1a23e90,0x00000000f2380000)
  to   space 23552K, 0% used [0x00000000f4d80000,0x00000000f4d80000,0x00000000f6480000)
 ParOldGen       total 130560K, used 55704K [0x00000000a0000000, 0x00000000a7f80000, 0x00000000e0000000)
  object space 130560K, 42% used [0x00000000a0000000,0x00000000a3666208,0x00000000a7f80000)
 Metaspace       used 70652K, capacity 74804K, committed 74840K, reserved 1114112K
  class space    used 9768K, capacity 10567K, committed 10584K, reserved 1048576K
Event: 18.534 GC heap after
Heap after GC invocations=21 (full 3):
 PSYoungGen      total 341504K, used 15271K [0x00000000e0000000, 0x00000000f6a80000, 0x0000000100000000)
  eden space 317952K, 0% used [0x00000000e0000000,0x00000000e0000000,0x00000000f3680000)
  from space 23552K, 64% used [0x00000000f4d80000,0x00000000f5c69f60,0x00000000f6480000)
  to   space 23552K, 0% used [0x00000000f3680000,0x00000000f3680000,0x00000000f4d80000)
 ParOldGen       total 130560K, used 55712K [0x00000000a0000000, 0x00000000a7f80000, 0x00000000e0000000)
  object space 130560K, 42% used [0x00000000a0000000,0x00000000a3668208,0x00000000a7f80000)
 Metaspace       used 70652K, capacity 74804K, committed 74840K, reserved 1114112K
  class space    used 9768K, capacity 10567K, committed 10584K, reserved 1048576K
}
Event: 20.369 GC heap before
{Heap before GC invocations=22 (full 3):
 PSYoungGen      total 341504K, used 333223K [0x00000000e0000000, 0x00000000f6a80000, 0x0000000100000000)
  eden space 317952K, 100% used [0x00000000e0000000,0x00000000f3680000,0x00000000f3680000)
  from space 23552K, 64% used [0x00000000f4d80000,0x00000000f5c69f60,0x00000000f6480000)
  to   space 23552K, 0% used [0x00000000f3680000,0x00000000f3680000,0x00000000f4d80000)
 ParOldGen       total 130560K, used 55712K [0x00000000a0000000, 0x00000000a7f80000, 0x00000000e0000000)
  object space 130560K, 42% used [0x00000000a0000000,0x00000000a3668208,0x00000000a7f80000)
 Metaspace       used 70790K, capacity 74970K, committed 75224K, reserved 1114112K
  class space    used 9785K, capacity 10600K, committed 10712K, reserved 1048576K
Event: 20.389 GC heap after
Heap after GC invocations=22 (full 3):
 PSYoungGen      total 341504K, used 16762K [0x00000000e0000000, 0x00000000f9880000, 0x0000000100000000)
  eden space 317952K, 0% used [0x00000000e0000000,0x00000000e0000000,0x00000000f3680000)
  from space 23552K, 71% used [0x00000000f3680000,0x00000000f46de948,0x00000000f4d80000)
  to   space 24576K, 0% used [0x00000000f8080000,0x00000000f8080000,0x00000000f9880000)
 ParOldGen       total 130560K, used 55720K [0x00000000a0000000, 0x00000000a7f80000, 0x00000000e0000000)
  object space 130560K, 42% used [0x00000000a0000000,0x00000000a366a208,0x00000000a7f80000)
 Metaspace       used 70790K, capacity 74970K, committed 75224K, reserved 1114112K
  class space    used 9785K, capacity 10600K, committed 10712K, reserved 1048576K
}

Deoptimization events (10 events):
Event: 25.294 Thread 0x000000001e7a0800 Uncommon trap: reason=array_check action=maybe_recompile pc=0x0000000004d66c84 method=java.util.TimSort.reverseRange([Ljava/lang/Object;II)V @ 20
Event: 25.294 Thread 0x000000001e7a0800 Uncommon trap: reason=array_check action=maybe_recompile pc=0x0000000004d66c84 method=java.util.TimSort.reverseRange([Ljava/lang/Object;II)V @ 20
Event: 25.294 Thread 0x000000001e7a0800 Uncommon trap: reason=array_check action=maybe_recompile pc=0x00000000047db908 method=java.util.TimSort.binarySort([Ljava/lang/Object;IIILjava/util/Comparator;)V @ 215
Event: 25.294 Thread 0x000000001e7a0800 Uncommon trap: reason=array_check action=maybe_recompile pc=0x00000000047db908 method=java.util.TimSort.binarySort([Ljava/lang/Object;IIILjava/util/Comparator;)V @ 215
Event: 26.157 Thread 0x000000001e7a0800 Uncommon trap: reason=array_check action=maybe_recompile pc=0x0000000004d50238 method=java.util.TimSort.reverseRange([Ljava/lang/Object;II)V @ 27
Event: 26.181 Thread 0x000000001e79d800 Uncommon trap: reason=array_check action=maybe_recompile pc=0x000000000488b830 method=java.util.AbstractCollection.toArray([Ljava/lang/Object;)[Ljava/lang/Object; @ 119
Event: 26.181 Thread 0x000000001e79d800 Uncommon trap: reason=array_check action=maybe_recompile pc=0x000000000488b830 method=java.util.AbstractCollection.toArray([Ljava/lang/Object;)[Ljava/lang/Object; @ 119
Event: 26.181 Thread 0x000000001e79d800 Uncommon trap: reason=array_check action=maybe_recompile pc=0x000000000488b830 method=java.util.AbstractCollection.toArray([Ljava/lang/Object;)[Ljava/lang/Object; @ 119
Event: 26.204 Thread 0x000000001e79d800 Uncommon trap: reason=array_check action=maybe_recompile pc=0x000000000488b830 method=java.util.AbstractCollection.toArray([Ljava/lang/Object;)[Ljava/lang/Object; @ 119
Event: 26.286 Thread 0x000000001e79d800 Uncommon trap: reason=array_check action=maybe_recompile pc=0x0000000004d50238 method=java.util.TimSort.reverseRange([Ljava/lang/Object;II)V @ 27

Classes redefined (0 events):
No events

Internal exceptions (10 events):
Event: 21.471 Thread 0x000000001e79d800 Exception <a 'sun/nio/fs/WindowsException'> (0x00000000e44bdb20) thrown at [D:\src\AOSP-openjdk-cygwin\jdk8u\hotspot\src\share\vm\prims\jni.cpp, line 710]
Event: 21.706 Thread 0x000000001e79d800 Exception <a 'java/lang/NoSuchMethodError': <clinit>> (0x00000000e456dc60) thrown at [D:\src\AOSP-openjdk-cygwin\jdk8u\hotspot\src\share\vm\prims\jni.cpp, line 1614]
Event: 22.007 Thread 0x000000001e79c000 Exception <a 'sun/nio/fs/WindowsException'> (0x00000000e4e33e18) thrown at [D:\src\AOSP-openjdk-cygwin\jdk8u\hotspot\src\share\vm\prims\jni.cpp, line 710]
Event: 22.304 Thread 0x000000001e7a3000 Implicit null exception at 0x0000000003a97c2f to 0x0000000003a97d21
Event: 22.304 Thread 0x000000001e7a4800 Implicit null exception at 0x0000000003a97c2f to 0x0000000003a97d21
Event: 22.304 Thread 0x000000001e7a3800 Implicit null exception at 0x0000000003a97c2f to 0x0000000003a97d21
Event: 23.071 Thread 0x000000001e7a2000 Implicit null exception at 0x00000000045ffe8f to 0x00000000045ffff1
Event: 23.589 Thread 0x000000001e7a2000 Exception <a 'sun/nio/fs/WindowsException'> (0x00000000ea8ad2f8) thrown at [D:\src\AOSP-openjdk-cygwin\jdk8u\hotspot\src\share\vm\prims\jni.cpp, line 710]
Event: 23.740 Thread 0x000000001e7a0800 Exception <a 'sun/nio/fs/WindowsException'> (0x00000000eac8d5f0) thrown at [D:\src\AOSP-openjdk-cygwin\jdk8u\hotspot\src\share\vm\prims\jni.cpp, line 710]
Event: 26.128 Thread 0x000000001e7a3800 Exception <a 'sun/nio/fs/WindowsException'> (0x00000000f0773f08) thrown at [D:\src\AOSP-openjdk-cygwin\jdk8u\hotspot\src\share\vm\prims\jni.cpp, line 710]

Events (10 events):
Event: 26.233 loading class org/gradle/api/internal/changedetection/state/ZipHasher$ZipEntryRelativePath done
Event: 26.285 loading class com/android/build/gradle/internal/tasks/NewIncrementalTask$taskAction$$inlined$recordTaskAction$1
Event: 26.285 loading class com/android/build/gradle/internal/tasks/NewIncrementalTask$taskAction$$inlined$recordTaskAction$1 done
Event: 26.286 Thread 0x000000001e79d800 Uncommon trap: trap_request=0xffffffd6 fr.pc=0x0000000004d50238
Event: 26.286 Thread 0x000000001e79d800 DEOPT PACKING pc=0x0000000004d50238 sp=0x0000000026d8b520
Event: 26.286 Thread 0x000000001e79d800 DEOPT UNPACKING pc=0x000000000319557b sp=0x0000000026d8b400 mode 2
Event: 26.286 loading class com/android/build/gradle/internal/scope/ExistingBuildElements
Event: 26.286 loading class com/android/build/gradle/internal/scope/ExistingBuildElements done
Event: 26.287 loading class com/android/build/gradle/internal/scope/ExistingBuildElements$Companion
Event: 26.287 loading class com/android/build/gradle/internal/scope/ExistingBuildElements$Companion done


Dynamic libraries:
0x00007ff6fe3b0000 - 0x00007ff6fe3e1000 	C:\Program Files\Android\Android Studio\jre\bin\java.exe
0x00007fff7b820000 - 0x00007fff7ba10000 	C:\WINDOWS\SYSTEM32\ntdll.dll
0x00007fff7b5a0000 - 0x00007fff7b652000 	C:\WINDOWS\System32\KERNEL32.DLL
0x00007fff79500000 - 0x00007fff797a3000 	C:\WINDOWS\System32\KERNELBASE.dll
0x00007fff7aab0000 - 0x00007fff7ab53000 	C:\WINDOWS\System32\ADVAPI32.dll
0x00007fff7a000000 - 0x00007fff7a09e000 	C:\WINDOWS\System32\msvcrt.dll
0x00007fff7a0a0000 - 0x00007fff7a137000 	C:\WINDOWS\System32\sechost.dll
0x00007fff79d50000 - 0x00007fff79e70000 	C:\WINDOWS\System32\RPCRT4.dll
0x00007fff7a140000 - 0x00007fff7a2d4000 	C:\WINDOWS\System32\USER32.dll
0x00007fff78c00000 - 0x00007fff78c21000 	C:\WINDOWS\System32\win32u.dll
0x00007fff7b660000 - 0x00007fff7b686000 	C:\WINDOWS\System32\GDI32.dll
0x00007fff788b0000 - 0x00007fff78a44000 	C:\WINDOWS\System32\gdi32full.dll
0x00007fff78a50000 - 0x00007fff78aee000 	C:\WINDOWS\System32\msvcp_win.dll
0x00007fff787b0000 - 0x00007fff788aa000 	C:\WINDOWS\System32\ucrtbase.dll
0x00007fff5e710000 - 0x00007fff5e995000 	C:\WINDOWS\WinSxS\amd64_microsoft.windows.common-controls_6595b64144ccf1df_6.0.18362.778_none_e6c6b761130d4fb8\COMCTL32.dll
0x00007fff7ab70000 - 0x00007fff7aea6000 	C:\WINDOWS\System32\combase.dll
0x00007fff78b80000 - 0x00007fff78c00000 	C:\WINDOWS\System32\bcryptPrimitives.dll
0x00007fff79ca0000 - 0x00007fff79cce000 	C:\WINDOWS\System32\IMM32.DLL
0x00007fff74930000 - 0x00007fff74ada000 	C:\WINDOWS\system32\tmumh\20019\AddOn\8.20.0.1028\TmUmEvt64.dll
0x00007fff7ab60000 - 0x00007fff7ab68000 	C:\WINDOWS\System32\PSAPI.DLL
0x00007fff7a490000 - 0x00007fff7a4e2000 	C:\WINDOWS\System32\SHLWAPI.dll
0x000000006bb30000 - 0x000000006bc96000 	C:\WINDOWS\system32\tmumh\20019\TmMon\2.7.3.1024\tmmon64.dll
0x00000000665f0000 - 0x00000000666c2000 	C:\Program Files\Android\Android Studio\jre\jre\bin\msvcr100.dll
0x00000000666d0000 - 0x0000000066f16000 	C:\Program Files\Android\Android Studio\jre\jre\bin\server\jvm.dll
0x00007fff62290000 - 0x00007fff62299000 	C:\WINDOWS\SYSTEM32\WSOCK32.dll
0x00007fff7a4f0000 - 0x00007fff7a55f000 	C:\WINDOWS\System32\WS2_32.dll
0x00007fff75390000 - 0x00007fff753b4000 	C:\WINDOWS\SYSTEM32\WINMM.dll
0x00007fff6ee90000 - 0x00007fff6ee9a000 	C:\WINDOWS\SYSTEM32\VERSION.dll
0x00007fff75360000 - 0x00007fff7538d000 	C:\WINDOWS\SYSTEM32\WINMMBASE.dll
0x00007fff797d0000 - 0x00007fff7981a000 	C:\WINDOWS\System32\cfgmgr32.dll
0x00007fff740a0000 - 0x00007fff740af000 	C:\Program Files\Android\Android Studio\jre\jre\bin\verify.dll
0x00007fff72260000 - 0x00007fff72289000 	C:\Program Files\Android\Android Studio\jre\jre\bin\java.dll
0x00007fff71fc0000 - 0x00007fff71fd6000 	C:\Program Files\Android\Android Studio\jre\jre\bin\zip.dll
0x00007fff7aeb0000 - 0x00007fff7b595000 	C:\WINDOWS\System32\SHELL32.dll
0x00007fff798d0000 - 0x00007fff79979000 	C:\WINDOWS\System32\shcore.dll
0x00007fff78d80000 - 0x00007fff79500000 	C:\WINDOWS\System32\windows.storage.dll
0x00007fff786f0000 - 0x00007fff78713000 	C:\WINDOWS\System32\profapi.dll
0x00007fff78720000 - 0x00007fff7876a000 	C:\WINDOWS\System32\powrprof.dll
0x00007fff786e0000 - 0x00007fff786f0000 	C:\WINDOWS\System32\UMPDC.dll
0x00007fff78790000 - 0x00007fff787a1000 	C:\WINDOWS\System32\kernel.appcore.dll
0x00007fff797b0000 - 0x00007fff797c7000 	C:\WINDOWS\System32\cryptsp.dll
0x00007fff71c80000 - 0x00007fff71c9a000 	C:\Program Files\Android\Android Studio\jre\jre\bin\net.dll
0x00007fff65290000 - 0x00007fff65465000 	C:\WINDOWS\SYSTEM32\urlmon.dll
0x00007fff657a0000 - 0x00007fff65a46000 	C:\WINDOWS\SYSTEM32\iertutil.dll
0x00007fff78120000 - 0x00007fff7812c000 	C:\WINDOWS\SYSTEM32\CRYPTBASE.DLL
0x00007fff77f50000 - 0x00007fff77fb7000 	C:\WINDOWS\system32\mswsock.dll
0x00007fff700f0000 - 0x00007fff70103000 	C:\Program Files\Android\Android Studio\jre\jre\bin\nio.dll
0x00007fff691e0000 - 0x00007fff69206000 	C:\Users\TIC\.gradle\native\30\windows-amd64\native-platform.dll
0x00007fff72090000 - 0x00007fff7209d000 	C:\Program Files\Android\Android Studio\jre\jre\bin\management.dll
0x00007fff77ac0000 - 0x00007fff77af3000 	C:\WINDOWS\system32\rsaenh.dll
0x00007fff78b50000 - 0x00007fff78b76000 	C:\WINDOWS\System32\bcrypt.dll
0x00007fff78600000 - 0x00007fff78625000 	C:\WINDOWS\SYSTEM32\USERENV.dll
0x00007fff77c60000 - 0x00007fff77c9a000 	C:\WINDOWS\SYSTEM32\IPHLPAPI.DLL
0x00007fff7a560000 - 0x00007fff7a568000 	C:\WINDOWS\System32\NSI.dll
0x00007fff6de60000 - 0x00007fff6de76000 	C:\WINDOWS\SYSTEM32\dhcpcsvc6.DLL
0x00007fff6de40000 - 0x00007fff6de5c000 	C:\WINDOWS\SYSTEM32\dhcpcsvc.DLL
0x00007fff77ca0000 - 0x00007fff77d6a000 	C:\WINDOWS\SYSTEM32\DNSAPI.dll

VM Arguments:
jvm_args: -Xmx1536m -Dfile.encoding=x-windows-874 -Duser.country=GB -Duser.language=en -Duser.variant 
java_command: org.gradle.launcher.daemon.bootstrap.GradleDaemon 5.6.4
java_class_path (initial): C:\Users\TIC\.gradle\wrapper\dists\gradle-5.6.4-all\ankdp27end7byghfw1q2sw75f\gradle-5.6.4\lib\gradle-launcher-5.6.4.jar
Launcher Type: SUN_STANDARD

Environment Variables:
JAVA_HOME=C:\Program Files\Java\jdk1.8.0_251
PATH=C:\Program Files (x86)\Common Files\Oracle\Java\javapath;C:\Windows\system32;C:\Windows;C:\Windows\System32\Wbem;C:\Windows\System32\WindowsPowerShell\v1.0\;C:\Program Files (x86)\NVIDIA Corporation\PhysX\Common;C:\WINDOWS\system32;C:\WINDOWS;C:\WINDOWS\System32\Wbem;C:\WINDOWS\System32\WindowsPowerShell\v1.0\;C:\WINDOWS\System32\OpenSSH\;C:\WINDOWS\system32\config\systemprofile\.dnx\bin;C:\Program Files\Microsoft DNX\Dnvm\;C:\Program Files\Microsoft SQL Server\130\Tools\Binn\;C:\Program Files\Git\cmd;C:\Program Files\nodejs\;C:\Users\TIC\AppData\Local\Microsoft\WindowsApps;C:\Program Files\Microsoft VS Code\bin;C:\Users\TIC\AppData\Roaming\npm;C:\Android\sdk\tool\bin;C:\Program Files\Java\jdk1.8.0_251;C:\Program Files\Android SDK;C:\Program Files\Android SDK;C:\Users\TIC\AppData\Local\Android\android-sdk\tools\bin;
USERNAME=TIC
OS=Windows_NT
PROCESSOR_IDENTIFIER=Intel64 Family 6 Model 158 Stepping 9, GenuineIntel



---------------  S Y S T E M  ---------------

OS: Windows 10.0 , 64 bit Build 18362 (10.0.18362.778)

CPU:total 8 (initial active 8) (4 cores per cpu, 2 threads per core) family 6 model 158 stepping 9, cmov, cx8, fxsr, mmx, sse, sse2, sse3, ssse3, sse4.1, sse4.2, popcnt, avx, avx2, aes, clmul, erms, 3dnowpref, lzcnt, ht, tsc, tscinvbit, bmi1, bmi2, adx

Memory: 4k page, physical 8251672k(1337804k free), swap 23122284k(5256k free)

vm_info: OpenJDK 64-Bit Server VM (25.212-b04) for windows-amd64 JRE (1.8.0_212-release-1586-b04), built by "builder" with MS VC++ 10.0 (VS2010)

time: Thu May 14 14:16:40 2020
timezone: SE Asia Standard Time
elapsed time: 26 seconds (0d 0h 0m 26s)

